<?xml version="1.0" encoding="UTF-8"?>
<testng-results ignored="0" total="1" passed="1" failed="0" skipped="0">
  <reporter-output>
  </reporter-output>
  <suite started-at="2025-01-22T16:48:55 CLST" name="Sample Test Suite" finished-at="2025-01-22T16:49:27 CLST" duration-ms="31760">
    <groups>
    </groups>
    <test started-at="2025-01-22T16:48:55 CLST" name="Southbridge Test Automation" finished-at="2025-01-22T16:49:27 CLST" duration-ms="31760">
      <class name="test.java.carritocompras.EjemploTelefono_Test">
        <test-method is-config="true" signature="beforeTestMethod()[pri:0, instance:test.java.carritocompras.EjemploTelefono_Test@6973b51b]" started-at="2025-01-22T16:48:55 CLST" name="beforeTestMethod" finished-at="2025-01-22T16:48:55 CLST" duration-ms="116" status="PASS">
          <reporter-output>
          </reporter-output>
        </test-method> <!-- beforeTestMethod -->
        <test-method is-config="true" signature="beforeMethodMethod(java.lang.String,java.lang.reflect.Method)[pri:0, instance:test.java.carritocompras.EjemploTelefono_Test@6973b51b]" started-at="2025-01-22T16:48:56 CLST" name="beforeMethodMethod" finished-at="2025-01-22T16:49:00 CLST" duration-ms="4077" status="PASS">
          <params>
            <param index="0">
              <value>
                <![CDATA[chrome]]>
              </value>
            </param>
            <param index="1">
              <value>
                <![CDATA[public void test.java.carritocompras.EjemploTelefono_Test.QAS12(java.lang.String[]) throws java.lang.InterruptedException]]>
              </value>
            </param>
          </params>
          <reporter-output>
          </reporter-output>
        </test-method> <!-- beforeMethodMethod -->
        <test-method signature="QAS12([Ljava.lang.String;)[pri:0, instance:test.java.carritocompras.EjemploTelefono_Test@6973b51b]" started-at="2025-01-22T16:49:00 CLST" name="QAS12" data-provider="carritoComprasData" finished-at="2025-01-22T16:49:26 CLST" duration-ms="26603" status="PASS">
          <params>
            <param index="0">
              <value>
                <![CDATA[[Ljava.lang.String;@14d8444b]]>
              </value>
            </param>
          </params>
          <reporter-output>
          </reporter-output>
        </test-method> <!-- QAS12 -->
        <test-method is-config="true" signature="afterMethodMethod(org.testng.ITestResult)[pri:0, instance:test.java.carritocompras.EjemploTelefono_Test@6973b51b]" started-at="2025-01-22T16:49:26 CLST" name="afterMethodMethod" finished-at="2025-01-22T16:49:27 CLST" duration-ms="364" status="PASS">
          <params>
            <param index="0">
              <value>
                <![CDATA[[TestResult name=QAS12 status=SUCCESS method=EjemploTelefono_Test.QAS12([Ljava.lang.String;)[pri:0, instance:test.java.carritocompras.EjemploTelefono_Test@6973b51b] output={null}]]]>
              </value>
            </param>
          </params>
          <reporter-output>
          </reporter-output>
        </test-method> <!-- afterMethodMethod -->
        <test-method is-config="true" signature="afterTestMethod()[pri:0, instance:test.java.carritocompras.EjemploTelefono_Test@6973b51b]" started-at="2025-01-22T16:49:27 CLST" name="afterTestMethod" finished-at="2025-01-22T16:49:27 CLST" duration-ms="279" status="PASS">
          <reporter-output>
          </reporter-output>
        </test-method> <!-- afterTestMethod -->
      </class> <!-- test.java.carritocompras.EjemploTelefono_Test -->
    </test> <!-- Southbridge Test Automation -->
  </suite> <!-- Sample Test Suite -->
</testng-results>
